<?xml version="1.0" encoding="UTF-8"?>
<!-- Generated by org.testng.reporters.JUnitXMLReporter -->
<testsuite hostname="ip-172-31-70-54" ignored="4" name="Test" tests="2" failures="0" timestamp="2021-06-19T06:06:58 UTC" time="0.049" errors="0">
  <testcase name="RandomName" time="0.009" classname="test.Testcase1"/>
  <testcase name="SignUpTest" time="0.001" classname="test.Testcase1"/>
  <testcase name="HomePageTest2" time="0.0" classname="test.Testcase2">
    <ignored/>
  </testcase> <!-- HomePageTest2 -->
  <testcase name="HomePageTest3" time="0.0" classname="test.Testcase2">
    <ignored/>
  </testcase> <!-- HomePageTest3 -->
  <testcase name="HomePageTest" time="0.0" classname="test.Testcase2">
    <ignored/>
  </testcase> <!-- HomePageTest -->
  <testcase name="LoginTest" time="0.0" classname="test.Testcase1">
    <ignored/>
  </testcase> <!-- LoginTest -->
</testsuite> <!-- Test -->
