<?xml version="1.0" encoding="UTF-8"?>
<!-- Generated by org.testng.reporters.JUnitXMLReporter -->
<testsuite hostname="ip-172-31-70-54" ignored="0" name="Test" tests="1" failures="0" timestamp="2021-06-20T05:42:55 UTC" time="6.541" errors="0">
  <testcase name="@AfterMethod teardown" time="0.485" classname="test.LoginTest">
    <failure type="java.lang.AssertionError" message="The following asserts failed:
	expected [The email or password you have entered is invalid] but found [The email or password you have entered is invalid.]">
      <![CDATA[java.lang.AssertionError: The following asserts failed:
expected [The email or password you have entered is invalid] but found [The email or password you have entered is invalid.]
at test.LoginTest.teardown(LoginTest.java:114)
at java.util.ArrayList.forEach(ArrayList.java:1259)
... Removed 34 stack frames]]>
    </failure>
  </testcase> <!-- @AfterMethod teardown -->
  <testcase name="Login" time="3.949" classname="test.LoginTest"/>
</testsuite> <!-- Test -->
