<?xml version="1.0" encoding="UTF-8"?>
<testng-results skipped="0" failed="0" ignored="0" total="1" passed="1">
  <reporter-output>
  </reporter-output>
  <suite name="Default suite" duration-ms="5808" started-at="2021-06-19T06:37:26 UTC" finished-at="2021-06-19T06:37:32 UTC">
    <groups>
    </groups>
    <test name="Default test" duration-ms="5808" started-at="2021-06-19T06:37:26 UTC" finished-at="2021-06-19T06:37:32 UTC">
      <class name="test.LoginTest">
        <test-method status="PASS" signature="test1()[pri:0, instance:test.LoginTest@64729b1e]" name="test1" duration-ms="5748" started-at="2021-06-19T06:37:26 UTC" finished-at="2021-06-19T06:37:32 UTC">
          <reporter-output>
          </reporter-output>
        </test-method> <!-- test1 -->
      </class> <!-- test.LoginTest -->
    </test> <!-- Default test -->
  </suite> <!-- Default suite -->
</testng-results>
